[debug] [2023-03-11T19:34:53.000Z] ----------------------------------------------------------------------
[debug] [2023-03-11T19:34:53.004Z] Command:       C:\Program Files\nodejs\node.exe C:\Users\Noahh\AppData\Roaming\npm\node_modules\firebase-tools\lib\bin\firebase.js deploy
[debug] [2023-03-11T19:34:53.004Z] CLI Version:   11.24.0
[debug] [2023-03-11T19:34:53.005Z] Platform:      win32
[debug] [2023-03-11T19:34:53.005Z] Node Version:  v18.12.0
[debug] [2023-03-11T19:34:53.006Z] Time:          Sat Mar 11 2023 14:34:53 GMT-0500 (Eastern Standard Time)
[debug] [2023-03-11T19:34:53.007Z] ----------------------------------------------------------------------
[debug] 
[debug] [2023-03-11T19:34:53.117Z] > command requires scopes: ["email","openid","https://www.googleapis.com/auth/cloudplatformprojects.readonly","https://www.googleapis.com/auth/firebase","https://www.googleapis.com/auth/cloud-platform"]
[debug] [2023-03-11T19:34:53.118Z] > authorizing via signed-in user (lionsservicesdata@gmail.com)
[debug] [2023-03-11T19:34:53.119Z] [iam] checking project lions-services-data-collection for permissions ["cloudfunctions.functions.create","cloudfunctions.functions.delete","cloudfunctions.functions.get","cloudfunctions.functions.list","cloudfunctions.functions.update","cloudfunctions.operations.get","firebase.projects.get","firebasehosting.sites.update"]
[debug] [2023-03-11T19:34:53.122Z] >>> [apiv2][query] POST https://cloudresourcemanager.googleapis.com/v1/projects/lions-services-data-collection:testIamPermissions [none]
[debug] [2023-03-11T19:34:53.122Z] >>> [apiv2][(partial)header] POST https://cloudresourcemanager.googleapis.com/v1/projects/lions-services-data-collection:testIamPermissions x-goog-quota-user=projects/lions-services-data-collection
[debug] [2023-03-11T19:34:53.122Z] >>> [apiv2][body] POST https://cloudresourcemanager.googleapis.com/v1/projects/lions-services-data-collection:testIamPermissions {"permissions":["cloudfunctions.functions.create","cloudfunctions.functions.delete","cloudfunctions.functions.get","cloudfunctions.functions.list","cloudfunctions.functions.update","cloudfunctions.operations.get","firebase.projects.get","firebasehosting.sites.update"]}
[debug] [2023-03-11T19:34:53.422Z] <<< [apiv2][status] POST https://cloudresourcemanager.googleapis.com/v1/projects/lions-services-data-collection:testIamPermissions 200
[debug] [2023-03-11T19:34:53.423Z] <<< [apiv2][body] POST https://cloudresourcemanager.googleapis.com/v1/projects/lions-services-data-collection:testIamPermissions {"permissions":["cloudfunctions.functions.create","cloudfunctions.functions.delete","cloudfunctions.functions.get","cloudfunctions.functions.list","cloudfunctions.functions.update","cloudfunctions.operations.get","firebase.projects.get","firebasehosting.sites.update"]}
[debug] [2023-03-11T19:34:53.425Z] >>> [apiv2][query] POST https://iam.googleapis.com/v1/projects/lions-services-data-collection/serviceAccounts/lions-services-data-collection@appspot.gserviceaccount.com:testIamPermissions [none]
[debug] [2023-03-11T19:34:53.425Z] >>> [apiv2][body] POST https://iam.googleapis.com/v1/projects/lions-services-data-collection/serviceAccounts/lions-services-data-collection@appspot.gserviceaccount.com:testIamPermissions {"permissions":["iam.serviceAccounts.actAs"]}
[debug] [2023-03-11T19:34:53.637Z] <<< [apiv2][status] POST https://iam.googleapis.com/v1/projects/lions-services-data-collection/serviceAccounts/lions-services-data-collection@appspot.gserviceaccount.com:testIamPermissions 200
[debug] [2023-03-11T19:34:53.637Z] <<< [apiv2][body] POST https://iam.googleapis.com/v1/projects/lions-services-data-collection/serviceAccounts/lions-services-data-collection@appspot.gserviceaccount.com:testIamPermissions {"permissions":["iam.serviceAccounts.actAs"]}
[debug] [2023-03-11T19:34:53.640Z] >>> [apiv2][query] GET https://firebase.googleapis.com/v1beta1/projects/lions-services-data-collection [none]
[debug] [2023-03-11T19:34:53.886Z] <<< [apiv2][status] GET https://firebase.googleapis.com/v1beta1/projects/lions-services-data-collection 200
[debug] [2023-03-11T19:34:53.887Z] <<< [apiv2][body] GET https://firebase.googleapis.com/v1beta1/projects/lions-services-data-collection {"projectId":"lions-services-data-collection","projectNumber":"1075819267725","displayName":"lions-services-data-collection","name":"projects/lions-services-data-collection","resources":{"hostingSite":"lions-services-data-collection"},"state":"ACTIVE","etag":"1_e528a0bc-010d-4bde-925a-8beb682d5603"}
[info] 
[info] === Deploying to 'lions-services-data-collection'...
[info] 
[info] i  deploying functions, hosting 
[debug] [2023-03-11T19:34:53.901Z] >>> [apiv2][query] GET https://firebase.googleapis.com/v1beta1/projects/lions-services-data-collection [none]
[debug] [2023-03-11T19:34:54.102Z] <<< [apiv2][status] GET https://firebase.googleapis.com/v1beta1/projects/lions-services-data-collection 200
[debug] [2023-03-11T19:34:54.102Z] <<< [apiv2][body] GET https://firebase.googleapis.com/v1beta1/projects/lions-services-data-collection {"projectId":"lions-services-data-collection","projectNumber":"1075819267725","displayName":"lions-services-data-collection","name":"projects/lions-services-data-collection","resources":{"hostingSite":"lions-services-data-collection"},"state":"ACTIVE","etag":"1_e528a0bc-010d-4bde-925a-8beb682d5603"}
[info] i  functions: preparing codebase default for deployment 
[info] i  functions: ensuring required API cloudfunctions.googleapis.com is enabled... 
[info] i  functions: ensuring required API cloudbuild.googleapis.com is enabled... 
[info] i  artifactregistry: ensuring required API artifactregistry.googleapis.com is enabled... 
[debug] [2023-03-11T19:34:54.109Z] >>> [apiv2][query] GET https://serviceusage.googleapis.com/v1/projects/lions-services-data-collection/services/cloudfunctions.googleapis.com [none]
[debug] [2023-03-11T19:34:54.109Z] >>> [apiv2][(partial)header] GET https://serviceusage.googleapis.com/v1/projects/lions-services-data-collection/services/cloudfunctions.googleapis.com x-goog-quota-user=projects/lions-services-data-collection
[debug] [2023-03-11T19:34:54.112Z] >>> [apiv2][query] GET https://serviceusage.googleapis.com/v1/projects/lions-services-data-collection/services/runtimeconfig.googleapis.com [none]
[debug] [2023-03-11T19:34:54.112Z] >>> [apiv2][(partial)header] GET https://serviceusage.googleapis.com/v1/projects/lions-services-data-collection/services/runtimeconfig.googleapis.com x-goog-quota-user=projects/lions-services-data-collection
[debug] [2023-03-11T19:34:54.115Z] >>> [apiv2][query] GET https://serviceusage.googleapis.com/v1/projects/lions-services-data-collection/services/cloudbuild.googleapis.com [none]
[debug] [2023-03-11T19:34:54.115Z] >>> [apiv2][(partial)header] GET https://serviceusage.googleapis.com/v1/projects/lions-services-data-collection/services/cloudbuild.googleapis.com x-goog-quota-user=projects/lions-services-data-collection
[debug] [2023-03-11T19:34:54.117Z] >>> [apiv2][query] GET https://serviceusage.googleapis.com/v1/projects/lions-services-data-collection/services/artifactregistry.googleapis.com [none]
[debug] [2023-03-11T19:34:54.117Z] >>> [apiv2][(partial)header] GET https://serviceusage.googleapis.com/v1/projects/lions-services-data-collection/services/artifactregistry.googleapis.com x-goog-quota-user=projects/lions-services-data-collection
[debug] [2023-03-11T19:34:54.453Z] <<< [apiv2][status] GET https://serviceusage.googleapis.com/v1/projects/lions-services-data-collection/services/artifactregistry.googleapis.com 200
[debug] [2023-03-11T19:34:54.453Z] <<< [apiv2][body] GET https://serviceusage.googleapis.com/v1/projects/lions-services-data-collection/services/artifactregistry.googleapis.com [omitted]
[info] +  artifactregistry: required API artifactregistry.googleapis.com is enabled 
[debug] [2023-03-11T19:34:54.526Z] <<< [apiv2][status] GET https://serviceusage.googleapis.com/v1/projects/lions-services-data-collection/services/runtimeconfig.googleapis.com 200
[debug] [2023-03-11T19:34:54.526Z] <<< [apiv2][body] GET https://serviceusage.googleapis.com/v1/projects/lions-services-data-collection/services/runtimeconfig.googleapis.com [omitted]
[debug] [2023-03-11T19:34:54.606Z] <<< [apiv2][status] GET https://serviceusage.googleapis.com/v1/projects/lions-services-data-collection/services/cloudbuild.googleapis.com 200
[debug] [2023-03-11T19:34:54.606Z] <<< [apiv2][body] GET https://serviceusage.googleapis.com/v1/projects/lions-services-data-collection/services/cloudbuild.googleapis.com [omitted]
[info] +  functions: required API cloudbuild.googleapis.com is enabled 
[debug] [2023-03-11T19:34:54.714Z] <<< [apiv2][status] GET https://serviceusage.googleapis.com/v1/projects/lions-services-data-collection/services/cloudfunctions.googleapis.com 200
[debug] [2023-03-11T19:34:54.715Z] <<< [apiv2][body] GET https://serviceusage.googleapis.com/v1/projects/lions-services-data-collection/services/cloudfunctions.googleapis.com [omitted]
[info] +  functions: required API cloudfunctions.googleapis.com is enabled 
[debug] [2023-03-11T19:34:54.717Z] >>> [apiv2][query] GET https://firebase.googleapis.com/v1beta1/projects/lions-services-data-collection/adminSdkConfig [none]
[debug] [2023-03-11T19:34:54.902Z] <<< [apiv2][status] GET https://firebase.googleapis.com/v1beta1/projects/lions-services-data-collection/adminSdkConfig 200
[debug] [2023-03-11T19:34:54.902Z] <<< [apiv2][body] GET https://firebase.googleapis.com/v1beta1/projects/lions-services-data-collection/adminSdkConfig {"projectId":"lions-services-data-collection","storageBucket":"lions-services-data-collection.appspot.com"}
[debug] [2023-03-11T19:34:54.903Z] >>> [apiv2][query] GET https://runtimeconfig.googleapis.com/v1beta1/projects/lions-services-data-collection/configs [none]
[debug] [2023-03-11T19:34:55.146Z] <<< [apiv2][status] GET https://runtimeconfig.googleapis.com/v1beta1/projects/lions-services-data-collection/configs 200
[debug] [2023-03-11T19:34:55.146Z] <<< [apiv2][body] GET https://runtimeconfig.googleapis.com/v1beta1/projects/lions-services-data-collection/configs {}
[debug] [2023-03-11T19:34:55.153Z] Validating nodejs source
[debug] [2023-03-11T19:34:57.360Z] > [functions] package.json contents: {
  "name": "functions",
  "description": "Cloud Functions for Firebase",
  "scripts": {
    "serve": "firebase emulators:start --only functions",
    "shell": "firebase functions:shell",
    "start": "npm run shell",
    "deploy": "firebase deploy --only functions",
    "logs": "firebase functions:log"
  },
  "engines": {
    "node": "16"
  },
  "main": "index.js",
  "dependencies": {
    "firebase-admin": "^11.5.0",
    "firebase-functions": "^4.2.0",
    "mssql": "^8.0.2",
    "express": "~4.0.0",
    "cors": "2.8.1"
  },
  "devDependencies": {
    "firebase-functions-test": "^3.0.0"
  },
  "private": true
}
[debug] [2023-03-11T19:34:57.361Z] Building nodejs source
[debug] [2023-03-11T19:34:57.366Z] Could not find functions.yaml. Must use http discovery
[debug] [2023-03-11T19:34:57.387Z] Found firebase-functions binary at 'C:\Users\Noahh\OneDrive\Documents\GitHub\lions-services-webapp\functions\node_modules\.bin\firebase-functions'
[debug] [2023-03-11T19:34:57.961Z] Serving at port 8712

[debug] [2023-03-11T19:34:59.124Z] Got response from /__/functions.yaml {"endpoints":{"app":{"platform":"gcfv1","availableMemoryMb":null,"timeoutSeconds":null,"minInstances":null,"maxInstances":null,"ingressSettings":null,"serviceAccountEmail":null,"vpc":null,"httpsTrigger":{},"entryPoint":"app"}},"specVersion":"v1alpha1","requiredAPIs":[]}
[debug] [2023-03-11T19:34:59.135Z] shutdown requested via /__/quitquitquit

[info] i  functions: preparing functions directory for uploading... 
[info] i  functions: packaged C:\Users\Noahh\OneDrive\Documents\GitHub\lions-services-webapp\functions (152.41 KB) for uploading 
[debug] [2023-03-11T19:34:59.253Z] >>> [apiv2][query] GET https://cloudfunctions.googleapis.com/v1/projects/lions-services-data-collection/locations/-/functions [none]
[debug] [2023-03-11T19:34:59.778Z] <<< [apiv2][status] GET https://cloudfunctions.googleapis.com/v1/projects/lions-services-data-collection/locations/-/functions 200
[debug] [2023-03-11T19:34:59.778Z] <<< [apiv2][body] GET https://cloudfunctions.googleapis.com/v1/projects/lions-services-data-collection/locations/-/functions {"functions":[{"name":"projects/lions-services-data-collection/locations/us-central1/functions/app","httpsTrigger":{"url":"https://us-central1-lions-services-data-collection.cloudfunctions.net/app","securityLevel":"SECURE_ALWAYS"},"status":"ACTIVE","entryPoint":"app","timeout":"60s","availableMemoryMb":256,"serviceAccountEmail":"lions-services-data-collection@appspot.gserviceaccount.com","updateTime":"2023-03-11T19:11:14.298Z","versionId":"9","labels":{"deployment-tool":"cli-firebase","firebase-functions-hash":"a5a06c97645b8b91a92093e238ef12fe8c9ea635"},"sourceUploadUrl":"https://storage.googleapis.com/uploads-655785809576.us-central1.cloudfunctions.appspot.com/ad02f87d-a252-4e53-a623-f89562c047e2.zip","environmentVariables":{"FIREBASE_CONFIG":"{\"projectId\":\"lions-services-data-collection\",\"storageBucket\":\"lions-services-data-collection.appspot.com\"}","GCLOUD_PROJECT":"lions-services-data-collection","EVENTARC_CLOUD_EVENT_SOURCE":"projects/lions-services-data-collection/locations/us-central1/functions/app"},"runtime":"nodejs16","ingressSettings":"ALLOW_ALL","buildId":"ff8b6900-863d-4aee-af3c-b65105529308","buildName":"projects/1075819267725/locations/us-central1/builds/ff8b6900-863d-4aee-af3c-b65105529308","dockerRegistry":"ARTIFACT_REGISTRY"}]}
[debug] [2023-03-11T19:34:59.781Z] >>> [apiv2][query] GET https://cloudfunctions.googleapis.com/v2/projects/lions-services-data-collection/locations/-/functions filter=environment%3D%22GEN_2%22
[debug] [2023-03-11T19:35:00.260Z] <<< [apiv2][status] GET https://cloudfunctions.googleapis.com/v2/projects/lions-services-data-collection/locations/-/functions 200
[debug] [2023-03-11T19:35:00.261Z] <<< [apiv2][body] GET https://cloudfunctions.googleapis.com/v2/projects/lions-services-data-collection/locations/-/functions {}
[debug] [2023-03-11T19:35:00.275Z] >>> [apiv2][query] GET https://firebase.googleapis.com/v1beta1/projects/lions-services-data-collection [none]
[debug] [2023-03-11T19:35:00.489Z] <<< [apiv2][status] GET https://firebase.googleapis.com/v1beta1/projects/lions-services-data-collection 200
[debug] [2023-03-11T19:35:00.489Z] <<< [apiv2][body] GET https://firebase.googleapis.com/v1beta1/projects/lions-services-data-collection {"projectId":"lions-services-data-collection","projectNumber":"1075819267725","displayName":"lions-services-data-collection","name":"projects/lions-services-data-collection","resources":{"hostingSite":"lions-services-data-collection"},"state":"ACTIVE","etag":"1_e528a0bc-010d-4bde-925a-8beb682d5603"}
[debug] [2023-03-11T19:35:00.494Z] >>> [apiv2][query] POST https://firebasehosting.googleapis.com/v1beta1/projects/-/sites/lions-services-data-collection/versions [none]
[debug] [2023-03-11T19:35:00.494Z] >>> [apiv2][body] POST https://firebasehosting.googleapis.com/v1beta1/projects/-/sites/lions-services-data-collection/versions {"status":"CREATED","labels":{"deployment-tool":"cli-firebase"}}
[debug] [2023-03-11T19:35:01.088Z] <<< [apiv2][status] POST https://firebasehosting.googleapis.com/v1beta1/projects/-/sites/lions-services-data-collection/versions 200
[debug] [2023-03-11T19:35:01.089Z] <<< [apiv2][body] POST https://firebasehosting.googleapis.com/v1beta1/projects/-/sites/lions-services-data-collection/versions {"name":"projects/1075819267725/sites/lions-services-data-collection/versions/bba1d73dcd10bdf5","status":"CREATED","config":{},"labels":{"deployment-tool":"cli-firebase"}}
[debug] [2023-03-11T19:35:01.091Z] >>> [apiv2][query] POST https://cloudfunctions.googleapis.com/v1/projects/lions-services-data-collection/locations/us-central1/functions:generateUploadUrl [none]
[debug] [2023-03-11T19:35:01.092Z] >>> [apiv2][body] POST https://cloudfunctions.googleapis.com/v1/projects/lions-services-data-collection/locations/us-central1/functions:generateUploadUrl {}
[debug] [2023-03-11T19:35:01.698Z] <<< [apiv2][status] POST https://cloudfunctions.googleapis.com/v1/projects/lions-services-data-collection/locations/us-central1/functions:generateUploadUrl 200
[debug] [2023-03-11T19:35:01.698Z] <<< [apiv2][body] POST https://cloudfunctions.googleapis.com/v1/projects/lions-services-data-collection/locations/us-central1/functions:generateUploadUrl {"uploadUrl":"https://storage.googleapis.com/uploads-655785809576.us-central1.cloudfunctions.appspot.com/4de4a7d0-3791-4bdd-88d6-24c834c60b56.zip?GoogleAccessId=service-1075819267725@gcf-admin-robot.iam.gserviceaccount.com&Expires=1678565099&Signature=RDL9IhNlK9DcuSVnfVC3V00sfppMp%2B3ae5TKHr9G3RRzwu8VgxPWlzUnAwts0l8jZp0MAHigSWYqe7V6CAKooqJujkwsWDuJiibFb8NjfnOIoREkbiCrFlThnX4uBTUslQIK5fid3OUfjQNlWGZYBBSzMTnyLh6paILPKqK%2FsPQiVJ%2B4kqyNRx6A6ZDKgQ1czV9U9eL5XFTRnwoPHxyHWmgKQ0iQEAbZZw9F9UP5IfXuGzY2%2FmpjDRNk5u4UXl1R7uZ%2B5YqmXV2Y1HKUuvitu9f6ig3nfg0Pl%2BzIVP1oQB%2Bj1oSRN4u1opKxsWH4f5FWV87iY1KUX6CEiwloU5M7%2Fg%3D%3D"}
[debug] [2023-03-11T19:35:01.700Z] >>> [apiv2][query] PUT https://storage.googleapis.com/uploads-655785809576.us-central1.cloudfunctions.appspot.com/4de4a7d0-3791-4bdd-88d6-24c834c60b56.zip GoogleAccessId=service-1075819267725%40gcf-admin-robot.iam.gserviceaccount.com&Expires=1678565099&Signature=RDL9IhNlK9DcuSVnfVC3V00sfppMp%2B3ae5TKHr9G3RRzwu8VgxPWlzUnAwts0l8jZp0MAHigSWYqe7V6CAKooqJujkwsWDuJiibFb8NjfnOIoREkbiCrFlThnX4uBTUslQIK5fid3OUfjQNlWGZYBBSzMTnyLh6paILPKqK%2FsPQiVJ%2B4kqyNRx6A6ZDKgQ1czV9U9eL5XFTRnwoPHxyHWmgKQ0iQEAbZZw9F9UP5IfXuGzY2%2FmpjDRNk5u4UXl1R7uZ%2B5YqmXV2Y1HKUuvitu9f6ig3nfg0Pl%2BzIVP1oQB%2Bj1oSRN4u1opKxsWH4f5FWV87iY1KUX6CEiwloU5M7%2Fg%3D%3D
[debug] [2023-03-11T19:35:01.700Z] >>> [apiv2][body] PUT https://storage.googleapis.com/uploads-655785809576.us-central1.cloudfunctions.appspot.com/4de4a7d0-3791-4bdd-88d6-24c834c60b56.zip [stream]
[debug] [2023-03-11T19:35:02.084Z] <<< [apiv2][status] PUT https://storage.googleapis.com/uploads-655785809576.us-central1.cloudfunctions.appspot.com/4de4a7d0-3791-4bdd-88d6-24c834c60b56.zip 200
[debug] [2023-03-11T19:35:02.084Z] <<< [apiv2][body] PUT https://storage.googleapis.com/uploads-655785809576.us-central1.cloudfunctions.appspot.com/4de4a7d0-3791-4bdd-88d6-24c834c60b56.zip [omitted]
[info] +  functions: functions folder uploaded successfully 
[info] i  hosting[lions-services-data-collection]: beginning deploy... 
[info] i  hosting[lions-services-data-collection]: found 4 files in dist 
[debug] [2023-03-11T19:35:02.105Z] [hosting] uploading with 200 concurrency
[debug] [2023-03-11T19:35:02.173Z] [hosting] hash cache [ZGlzdA] stored for 4 files
[debug] [2023-03-11T19:35:02.174Z] [hosting][hash queue][FINAL] {"max":53,"min":6,"avg":18.5,"active":0,"complete":4,"success":4,"errored":0,"retried":0,"total":4,"elapsed":62}
[debug] [2023-03-11T19:35:02.174Z] >>> [apiv2][query] POST https://firebasehosting.googleapis.com/v1beta1/projects/1075819267725/sites/lions-services-data-collection/versions/bba1d73dcd10bdf5:populateFiles [none]
[debug] [2023-03-11T19:35:02.174Z] >>> [apiv2][body] POST https://firebasehosting.googleapis.com/v1beta1/projects/1075819267725/sites/lions-services-data-collection/versions/bba1d73dcd10bdf5:populateFiles {"files":{"/index.html":"2ee2d8d4cdc4aea87b2e7485f8bb2386ed673e0a2511f40864d3f9c8089eee89","/assets/index.b4c38363.css":"90917d42156f07cd54ba5a439db1e3b552ac9b10a4b89a834b09fc3cca25cc1f","/assets/index.f49f1f08.js":"1d518cc0b6f4af3d01e8526b7bffe40a25cd046b992f6e580da6507d275e681d","/assets/vendor.7a69cc2f.js":"b88602b14d7a0da8c90b4c7a70bad2b84147e2224c949884c3abb998ed5645b5"}}
[debug] [2023-03-11T19:35:02.539Z] <<< [apiv2][status] POST https://firebasehosting.googleapis.com/v1beta1/projects/1075819267725/sites/lions-services-data-collection/versions/bba1d73dcd10bdf5:populateFiles 200
[debug] [2023-03-11T19:35:02.539Z] <<< [apiv2][body] POST https://firebasehosting.googleapis.com/v1beta1/projects/1075819267725/sites/lions-services-data-collection/versions/bba1d73dcd10bdf5:populateFiles {"uploadRequiredHashes":["1d518cc0b6f4af3d01e8526b7bffe40a25cd046b992f6e580da6507d275e681d","b88602b14d7a0da8c90b4c7a70bad2b84147e2224c949884c3abb998ed5645b5","2ee2d8d4cdc4aea87b2e7485f8bb2386ed673e0a2511f40864d3f9c8089eee89"],"uploadUrl":"https://upload-firebasehosting.googleapis.com/upload/sites/lions-services-data-collection/versions/bba1d73dcd10bdf5/files"}
[debug] [2023-03-11T19:35:02.542Z] >>> [apiv2][query] POST https://upload-firebasehosting.googleapis.com/upload/sites/lions-services-data-collection/versions/bba1d73dcd10bdf5/files/1d518cc0b6f4af3d01e8526b7bffe40a25cd046b992f6e580da6507d275e681d [none]
[debug] [2023-03-11T19:35:02.542Z] >>> [apiv2][body] POST https://upload-firebasehosting.googleapis.com/upload/sites/lions-services-data-collection/versions/bba1d73dcd10bdf5/files/1d518cc0b6f4af3d01e8526b7bffe40a25cd046b992f6e580da6507d275e681d [stream]
[debug] [2023-03-11T19:35:02.545Z] >>> [apiv2][query] POST https://upload-firebasehosting.googleapis.com/upload/sites/lions-services-data-collection/versions/bba1d73dcd10bdf5/files/b88602b14d7a0da8c90b4c7a70bad2b84147e2224c949884c3abb998ed5645b5 [none]
[debug] [2023-03-11T19:35:02.545Z] >>> [apiv2][body] POST https://upload-firebasehosting.googleapis.com/upload/sites/lions-services-data-collection/versions/bba1d73dcd10bdf5/files/b88602b14d7a0da8c90b4c7a70bad2b84147e2224c949884c3abb998ed5645b5 [stream]
[debug] [2023-03-11T19:35:02.548Z] >>> [apiv2][query] POST https://upload-firebasehosting.googleapis.com/upload/sites/lions-services-data-collection/versions/bba1d73dcd10bdf5/files/2ee2d8d4cdc4aea87b2e7485f8bb2386ed673e0a2511f40864d3f9c8089eee89 [none]
[debug] [2023-03-11T19:35:02.548Z] >>> [apiv2][body] POST https://upload-firebasehosting.googleapis.com/upload/sites/lions-services-data-collection/versions/bba1d73dcd10bdf5/files/2ee2d8d4cdc4aea87b2e7485f8bb2386ed673e0a2511f40864d3f9c8089eee89 [stream]
[debug] [2023-03-11T19:35:02.551Z] [hosting][populate queue][FINAL] {"max":371,"min":371,"avg":371,"active":0,"complete":1,"success":1,"errored":0,"retried":0,"total":1,"elapsed":380}
[debug] [2023-03-11T19:35:02.551Z] [hosting] uploads queued: 3
[debug] [2023-03-11T19:35:03.497Z] <<< [apiv2][status] POST https://upload-firebasehosting.googleapis.com/upload/sites/lions-services-data-collection/versions/bba1d73dcd10bdf5/files/2ee2d8d4cdc4aea87b2e7485f8bb2386ed673e0a2511f40864d3f9c8089eee89 200
[debug] [2023-03-11T19:35:03.497Z] <<< [apiv2][body] POST https://upload-firebasehosting.googleapis.com/upload/sites/lions-services-data-collection/versions/bba1d73dcd10bdf5/files/2ee2d8d4cdc4aea87b2e7485f8bb2386ed673e0a2511f40864d3f9c8089eee89 [stream]
[debug] [2023-03-11T19:35:03.516Z] <<< [apiv2][status] POST https://upload-firebasehosting.googleapis.com/upload/sites/lions-services-data-collection/versions/bba1d73dcd10bdf5/files/1d518cc0b6f4af3d01e8526b7bffe40a25cd046b992f6e580da6507d275e681d 200
[debug] [2023-03-11T19:35:03.516Z] <<< [apiv2][body] POST https://upload-firebasehosting.googleapis.com/upload/sites/lions-services-data-collection/versions/bba1d73dcd10bdf5/files/1d518cc0b6f4af3d01e8526b7bffe40a25cd046b992f6e580da6507d275e681d [stream]
[debug] [2023-03-11T19:35:03.737Z] <<< [apiv2][status] POST https://upload-firebasehosting.googleapis.com/upload/sites/lions-services-data-collection/versions/bba1d73dcd10bdf5/files/b88602b14d7a0da8c90b4c7a70bad2b84147e2224c949884c3abb998ed5645b5 200
[debug] [2023-03-11T19:35:03.737Z] <<< [apiv2][body] POST https://upload-firebasehosting.googleapis.com/upload/sites/lions-services-data-collection/versions/bba1d73dcd10bdf5/files/b88602b14d7a0da8c90b4c7a70bad2b84147e2224c949884c3abb998ed5645b5 [stream]
[debug] [2023-03-11T19:35:03.737Z] [hosting][upload queue][FINAL] {"max":1196,"min":956,"avg":1042.6666666666667,"active":0,"complete":3,"success":3,"errored":0,"retried":0,"total":3,"elapsed":1198}
[info] +  hosting[lions-services-data-collection]: file upload complete 
[debug] [2023-03-11T19:35:03.740Z] [hosting] deploy completed after 1649ms
[info] i  functions: updating Node.js 16 function app(us-central1)... 
[debug] [2023-03-11T19:35:03.755Z] >>> [apiv2][query] PATCH https://cloudfunctions.googleapis.com/v1/projects/lions-services-data-collection/locations/us-central1/functions/app updateMask=name%2CsourceUploadUrl%2CentryPoint%2Cruntime%2CdockerRegistry%2Clabels%2ChttpsTrigger.securityLevel%2CminInstances%2CmaxInstances%2CingressSettings%2CenvironmentVariables%2CserviceAccountEmail%2CavailableMemoryMb%2Ctimeout%2CvpcConnector%2CvpcConnectorEgressSettings%2CsourceToken
[debug] [2023-03-11T19:35:03.755Z] >>> [apiv2][body] PATCH https://cloudfunctions.googleapis.com/v1/projects/lions-services-data-collection/locations/us-central1/functions/app {"name":"projects/lions-services-data-collection/locations/us-central1/functions/app","sourceUploadUrl":"https://storage.googleapis.com/uploads-655785809576.us-central1.cloudfunctions.appspot.com/4de4a7d0-3791-4bdd-88d6-24c834c60b56.zip?GoogleAccessId=service-1075819267725@gcf-admin-robot.iam.gserviceaccount.com&Expires=1678565099&Signature=RDL9IhNlK9DcuSVnfVC3V00sfppMp%2B3ae5TKHr9G3RRzwu8VgxPWlzUnAwts0l8jZp0MAHigSWYqe7V6CAKooqJujkwsWDuJiibFb8NjfnOIoREkbiCrFlThnX4uBTUslQIK5fid3OUfjQNlWGZYBBSzMTnyLh6paILPKqK%2FsPQiVJ%2B4kqyNRx6A6ZDKgQ1czV9U9eL5XFTRnwoPHxyHWmgKQ0iQEAbZZw9F9UP5IfXuGzY2%2FmpjDRNk5u4UXl1R7uZ%2B5YqmXV2Y1HKUuvitu9f6ig3nfg0Pl%2BzIVP1oQB%2Bj1oSRN4u1opKxsWH4f5FWV87iY1KUX6CEiwloU5M7%2Fg%3D%3D","entryPoint":"app","runtime":"nodejs16","dockerRegistry":"ARTIFACT_REGISTRY","labels":{"deployment-tool":"cli-firebase","firebase-functions-hash":"cca8cea420f0a157de48431465ae7860ba62b2e7"},"httpsTrigger":{"securityLevel":"SECURE_ALWAYS"},"minInstances":null,"maxInstances":null,"ingressSettings":null,"environmentVariables":{"FIREBASE_CONFIG":"{\"projectId\":\"lions-services-data-collection\",\"storageBucket\":\"lions-services-data-collection.appspot.com\"}","GCLOUD_PROJECT":"lions-services-data-collection","EVENTARC_CLOUD_EVENT_SOURCE":"projects/lions-services-data-collection/locations/us-central1/functions/app"},"serviceAccountEmail":null,"availableMemoryMb":null,"timeout":null,"vpcConnector":null,"vpcConnectorEgressSettings":null}
[debug] [2023-03-11T19:35:04.330Z] <<< [apiv2][status] PATCH https://cloudfunctions.googleapis.com/v1/projects/lions-services-data-collection/locations/us-central1/functions/app 200
[debug] [2023-03-11T19:35:04.330Z] <<< [apiv2][body] PATCH https://cloudfunctions.googleapis.com/v1/projects/lions-services-data-collection/locations/us-central1/functions/app {"name":"operations/bGlvbnMtc2VydmljZXMtZGF0YS1jb2xsZWN0aW9uL3VzLWNlbnRyYWwxL2FwcC81cExSdFRlclBLbw","metadata":{"@type":"type.googleapis.com/google.cloud.functions.v1.OperationMetadataV1","target":"projects/lions-services-data-collection/locations/us-central1/functions/app","type":"UPDATE_FUNCTION","request":{"@type":"type.googleapis.com/google.cloud.functions.v1.CloudFunction","name":"projects/lions-services-data-collection/locations/us-central1/functions/app","httpsTrigger":{"url":"https://us-central1-lions-services-data-collection.cloudfunctions.net/app","securityLevel":"SECURE_ALWAYS"},"status":"ACTIVE","entryPoint":"app","updateTime":"2023-03-11T19:11:14.298Z","versionId":"9","labels":{"deployment-tool":"cli-firebase","firebase-functions-hash":"cca8cea420f0a157de48431465ae7860ba62b2e7"},"sourceUploadUrl":"https://storage.googleapis.com/uploads-655785809576.us-central1.cloudfunctions.appspot.com/4de4a7d0-3791-4bdd-88d6-24c834c60b56.zip?GoogleAccessId=service-1075819267725@gcf-admin-robot.iam.gserviceaccount.com&Expires=1678565099&Signature=RDL9IhNlK9DcuSVnfVC3V00sfppMp%2B3ae5TKHr9G3RRzwu8VgxPWlzUnAwts0l8jZp0MAHigSWYqe7V6CAKooqJujkwsWDuJiibFb8NjfnOIoREkbiCrFlThnX4uBTUslQIK5fid3OUfjQNlWGZYBBSzMTnyLh6paILPKqK%2FsPQiVJ%2B4kqyNRx6A6ZDKgQ1czV9U9eL5XFTRnwoPHxyHWmgKQ0iQEAbZZw9F9UP5IfXuGzY2%2FmpjDRNk5u4UXl1R7uZ%2B5YqmXV2Y1HKUuvitu9f6ig3nfg0Pl%2BzIVP1oQB%2Bj1oSRN4u1opKxsWH4f5FWV87iY1KUX6CEiwloU5M7%2Fg%3D%3D","environmentVariables":{"FIREBASE_CONFIG":"{\"projectId\":\"lions-services-data-collection\",\"storageBucket\":\"lions-services-data-collection.appspot.com\"}","GCLOUD_PROJECT":"lions-services-data-collection","EVENTARC_CLOUD_EVENT_SOURCE":"projects/lions-services-data-collection/locations/us-central1/functions/app"},"runtime":"nodejs16","buildId":"ff8b6900-863d-4aee-af3c-b65105529308","buildName":"projects/1075819267725/locations/us-central1/builds/ff8b6900-863d-4aee-af3c-b65105529308","dockerRegistry":"ARTIFACT_REGISTRY"},"versionId":"10","updateTime":"2023-03-11T19:35:02Z"}}
[debug] [2023-03-11T19:35:04.332Z] >>> [apiv2][query] GET https://cloudfunctions.googleapis.com/v1/operations/bGlvbnMtc2VydmljZXMtZGF0YS1jb2xsZWN0aW9uL3VzLWNlbnRyYWwxL2FwcC81cExSdFRlclBLbw [none]
[debug] [2023-03-11T19:35:04.530Z] <<< [apiv2][status] GET https://cloudfunctions.googleapis.com/v1/operations/bGlvbnMtc2VydmljZXMtZGF0YS1jb2xsZWN0aW9uL3VzLWNlbnRyYWwxL2FwcC81cExSdFRlclBLbw 200
[debug] [2023-03-11T19:35:04.530Z] <<< [apiv2][body] GET https://cloudfunctions.googleapis.com/v1/operations/bGlvbnMtc2VydmljZXMtZGF0YS1jb2xsZWN0aW9uL3VzLWNlbnRyYWwxL2FwcC81cExSdFRlclBLbw {"name":"operations/bGlvbnMtc2VydmljZXMtZGF0YS1jb2xsZWN0aW9uL3VzLWNlbnRyYWwxL2FwcC81cExSdFRlclBLbw","metadata":{"@type":"type.googleapis.com/google.cloud.functions.v1.OperationMetadataV1","target":"projects/lions-services-data-collection/locations/us-central1/functions/app","type":"UPDATE_FUNCTION","request":{"@type":"type.googleapis.com/google.cloud.functions.v1.CloudFunction","name":"projects/lions-services-data-collection/locations/us-central1/functions/app","httpsTrigger":{"url":"https://us-central1-lions-services-data-collection.cloudfunctions.net/app","securityLevel":"SECURE_ALWAYS"},"status":"ACTIVE","entryPoint":"app","updateTime":"2023-03-11T19:11:14.298Z","versionId":"9","labels":{"deployment-tool":"cli-firebase","firebase-functions-hash":"cca8cea420f0a157de48431465ae7860ba62b2e7"},"sourceUploadUrl":"https://storage.googleapis.com/uploads-655785809576.us-central1.cloudfunctions.appspot.com/4de4a7d0-3791-4bdd-88d6-24c834c60b56.zip?GoogleAccessId=service-1075819267725@gcf-admin-robot.iam.gserviceaccount.com&Expires=1678565099&Signature=RDL9IhNlK9DcuSVnfVC3V00sfppMp%2B3ae5TKHr9G3RRzwu8VgxPWlzUnAwts0l8jZp0MAHigSWYqe7V6CAKooqJujkwsWDuJiibFb8NjfnOIoREkbiCrFlThnX4uBTUslQIK5fid3OUfjQNlWGZYBBSzMTnyLh6paILPKqK%2FsPQiVJ%2B4kqyNRx6A6ZDKgQ1czV9U9eL5XFTRnwoPHxyHWmgKQ0iQEAbZZw9F9UP5IfXuGzY2%2FmpjDRNk5u4UXl1R7uZ%2B5YqmXV2Y1HKUuvitu9f6ig3nfg0Pl%2BzIVP1oQB%2Bj1oSRN4u1opKxsWH4f5FWV87iY1KUX6CEiwloU5M7%2Fg%3D%3D","environmentVariables":{"FIREBASE_CONFIG":"{\"projectId\":\"lions-services-data-collection\",\"storageBucket\":\"lions-services-data-collection.appspot.com\"}","GCLOUD_PROJECT":"lions-services-data-collection","EVENTARC_CLOUD_EVENT_SOURCE":"projects/lions-services-data-collection/locations/us-central1/functions/app"},"runtime":"nodejs16","buildId":"ff8b6900-863d-4aee-af3c-b65105529308","buildName":"projects/1075819267725/locations/us-central1/builds/ff8b6900-863d-4aee-af3c-b65105529308","dockerRegistry":"ARTIFACT_REGISTRY"},"versionId":"10","updateTime":"2023-03-11T19:35:02Z"}}
[debug] [2023-03-11T19:35:05.035Z] [update-default-us-central1-app] Retrying task index 0
[debug] [2023-03-11T19:35:05.036Z] >>> [apiv2][query] GET https://cloudfunctions.googleapis.com/v1/operations/bGlvbnMtc2VydmljZXMtZGF0YS1jb2xsZWN0aW9uL3VzLWNlbnRyYWwxL2FwcC81cExSdFRlclBLbw [none]
[debug] [2023-03-11T19:35:05.219Z] <<< [apiv2][status] GET https://cloudfunctions.googleapis.com/v1/operations/bGlvbnMtc2VydmljZXMtZGF0YS1jb2xsZWN0aW9uL3VzLWNlbnRyYWwxL2FwcC81cExSdFRlclBLbw 200
[debug] [2023-03-11T19:35:05.219Z] <<< [apiv2][body] GET https://cloudfunctions.googleapis.com/v1/operations/bGlvbnMtc2VydmljZXMtZGF0YS1jb2xsZWN0aW9uL3VzLWNlbnRyYWwxL2FwcC81cExSdFRlclBLbw {"name":"operations/bGlvbnMtc2VydmljZXMtZGF0YS1jb2xsZWN0aW9uL3VzLWNlbnRyYWwxL2FwcC81cExSdFRlclBLbw","metadata":{"@type":"type.googleapis.com/google.cloud.functions.v1.OperationMetadataV1","target":"projects/lions-services-data-collection/locations/us-central1/functions/app","type":"UPDATE_FUNCTION","request":{"@type":"type.googleapis.com/google.cloud.functions.v1.CloudFunction","name":"projects/lions-services-data-collection/locations/us-central1/functions/app","httpsTrigger":{"url":"https://us-central1-lions-services-data-collection.cloudfunctions.net/app","securityLevel":"SECURE_ALWAYS"},"status":"ACTIVE","entryPoint":"app","updateTime":"2023-03-11T19:11:14.298Z","versionId":"9","labels":{"deployment-tool":"cli-firebase","firebase-functions-hash":"cca8cea420f0a157de48431465ae7860ba62b2e7"},"sourceUploadUrl":"https://storage.googleapis.com/uploads-655785809576.us-central1.cloudfunctions.appspot.com/4de4a7d0-3791-4bdd-88d6-24c834c60b56.zip?GoogleAccessId=service-1075819267725@gcf-admin-robot.iam.gserviceaccount.com&Expires=1678565099&Signature=RDL9IhNlK9DcuSVnfVC3V00sfppMp%2B3ae5TKHr9G3RRzwu8VgxPWlzUnAwts0l8jZp0MAHigSWYqe7V6CAKooqJujkwsWDuJiibFb8NjfnOIoREkbiCrFlThnX4uBTUslQIK5fid3OUfjQNlWGZYBBSzMTnyLh6paILPKqK%2FsPQiVJ%2B4kqyNRx6A6ZDKgQ1czV9U9eL5XFTRnwoPHxyHWmgKQ0iQEAbZZw9F9UP5IfXuGzY2%2FmpjDRNk5u4UXl1R7uZ%2B5YqmXV2Y1HKUuvitu9f6ig3nfg0Pl%2BzIVP1oQB%2Bj1oSRN4u1opKxsWH4f5FWV87iY1KUX6CEiwloU5M7%2Fg%3D%3D","environmentVariables":{"FIREBASE_CONFIG":"{\"projectId\":\"lions-services-data-collection\",\"storageBucket\":\"lions-services-data-collection.appspot.com\"}","GCLOUD_PROJECT":"lions-services-data-collection","EVENTARC_CLOUD_EVENT_SOURCE":"projects/lions-services-data-collection/locations/us-central1/functions/app"},"runtime":"nodejs16","buildId":"ff8b6900-863d-4aee-af3c-b65105529308","buildName":"projects/1075819267725/locations/us-central1/builds/ff8b6900-863d-4aee-af3c-b65105529308","dockerRegistry":"ARTIFACT_REGISTRY"},"versionId":"10","updateTime":"2023-03-11T19:35:02Z"}}
[debug] [2023-03-11T19:35:06.232Z] [update-default-us-central1-app] Retrying task index 0
[debug] [2023-03-11T19:35:06.233Z] >>> [apiv2][query] GET https://cloudfunctions.googleapis.com/v1/operations/bGlvbnMtc2VydmljZXMtZGF0YS1jb2xsZWN0aW9uL3VzLWNlbnRyYWwxL2FwcC81cExSdFRlclBLbw [none]
[debug] [2023-03-11T19:35:06.446Z] <<< [apiv2][status] GET https://cloudfunctions.googleapis.com/v1/operations/bGlvbnMtc2VydmljZXMtZGF0YS1jb2xsZWN0aW9uL3VzLWNlbnRyYWwxL2FwcC81cExSdFRlclBLbw 200
[debug] [2023-03-11T19:35:06.447Z] <<< [apiv2][body] GET https://cloudfunctions.googleapis.com/v1/operations/bGlvbnMtc2VydmljZXMtZGF0YS1jb2xsZWN0aW9uL3VzLWNlbnRyYWwxL2FwcC81cExSdFRlclBLbw {"name":"operations/bGlvbnMtc2VydmljZXMtZGF0YS1jb2xsZWN0aW9uL3VzLWNlbnRyYWwxL2FwcC81cExSdFRlclBLbw","metadata":{"@type":"type.googleapis.com/google.cloud.functions.v1.OperationMetadataV1","target":"projects/lions-services-data-collection/locations/us-central1/functions/app","type":"UPDATE_FUNCTION","request":{"@type":"type.googleapis.com/google.cloud.functions.v1.CloudFunction","name":"projects/lions-services-data-collection/locations/us-central1/functions/app","httpsTrigger":{"url":"https://us-central1-lions-services-data-collection.cloudfunctions.net/app","securityLevel":"SECURE_ALWAYS"},"status":"ACTIVE","entryPoint":"app","updateTime":"2023-03-11T19:11:14.298Z","versionId":"9","labels":{"deployment-tool":"cli-firebase","firebase-functions-hash":"cca8cea420f0a157de48431465ae7860ba62b2e7"},"sourceUploadUrl":"https://storage.googleapis.com/uploads-655785809576.us-central1.cloudfunctions.appspot.com/4de4a7d0-3791-4bdd-88d6-24c834c60b56.zip?GoogleAccessId=service-1075819267725@gcf-admin-robot.iam.gserviceaccount.com&Expires=1678565099&Signature=RDL9IhNlK9DcuSVnfVC3V00sfppMp%2B3ae5TKHr9G3RRzwu8VgxPWlzUnAwts0l8jZp0MAHigSWYqe7V6CAKooqJujkwsWDuJiibFb8NjfnOIoREkbiCrFlThnX4uBTUslQIK5fid3OUfjQNlWGZYBBSzMTnyLh6paILPKqK%2FsPQiVJ%2B4kqyNRx6A6ZDKgQ1czV9U9eL5XFTRnwoPHxyHWmgKQ0iQEAbZZw9F9UP5IfXuGzY2%2FmpjDRNk5u4UXl1R7uZ%2B5YqmXV2Y1HKUuvitu9f6ig3nfg0Pl%2BzIVP1oQB%2Bj1oSRN4u1opKxsWH4f5FWV87iY1KUX6CEiwloU5M7%2Fg%3D%3D","environmentVariables":{"FIREBASE_CONFIG":"{\"projectId\":\"lions-services-data-collection\",\"storageBucket\":\"lions-services-data-collection.appspot.com\"}","GCLOUD_PROJECT":"lions-services-data-collection","EVENTARC_CLOUD_EVENT_SOURCE":"projects/lions-services-data-collection/locations/us-central1/functions/app"},"runtime":"nodejs16","buildId":"ff8b6900-863d-4aee-af3c-b65105529308","buildName":"projects/1075819267725/locations/us-central1/builds/ff8b6900-863d-4aee-af3c-b65105529308","dockerRegistry":"ARTIFACT_REGISTRY"},"versionId":"10","updateTime":"2023-03-11T19:35:02Z","buildId":"02f62c97-c97d-43fa-a57b-6ae26d4dcdc1","buildName":"projects/1075819267725/locations/us-central1/builds/02f62c97-c97d-43fa-a57b-6ae26d4dcdc1"}}
[debug] [2023-03-11T19:35:08.447Z] [update-default-us-central1-app] Retrying task index 0
[debug] [2023-03-11T19:35:08.448Z] >>> [apiv2][query] GET https://cloudfunctions.googleapis.com/v1/operations/bGlvbnMtc2VydmljZXMtZGF0YS1jb2xsZWN0aW9uL3VzLWNlbnRyYWwxL2FwcC81cExSdFRlclBLbw [none]
[debug] [2023-03-11T19:35:08.660Z] <<< [apiv2][status] GET https://cloudfunctions.googleapis.com/v1/operations/bGlvbnMtc2VydmljZXMtZGF0YS1jb2xsZWN0aW9uL3VzLWNlbnRyYWwxL2FwcC81cExSdFRlclBLbw 200
[debug] [2023-03-11T19:35:08.660Z] <<< [apiv2][body] GET https://cloudfunctions.googleapis.com/v1/operations/bGlvbnMtc2VydmljZXMtZGF0YS1jb2xsZWN0aW9uL3VzLWNlbnRyYWwxL2FwcC81cExSdFRlclBLbw {"name":"operations/bGlvbnMtc2VydmljZXMtZGF0YS1jb2xsZWN0aW9uL3VzLWNlbnRyYWwxL2FwcC81cExSdFRlclBLbw","metadata":{"@type":"type.googleapis.com/google.cloud.functions.v1.OperationMetadataV1","target":"projects/lions-services-data-collection/locations/us-central1/functions/app","type":"UPDATE_FUNCTION","request":{"@type":"type.googleapis.com/google.cloud.functions.v1.CloudFunction","name":"projects/lions-services-data-collection/locations/us-central1/functions/app","httpsTrigger":{"url":"https://us-central1-lions-services-data-collection.cloudfunctions.net/app","securityLevel":"SECURE_ALWAYS"},"status":"ACTIVE","entryPoint":"app","updateTime":"2023-03-11T19:11:14.298Z","versionId":"9","labels":{"deployment-tool":"cli-firebase","firebase-functions-hash":"cca8cea420f0a157de48431465ae7860ba62b2e7"},"sourceUploadUrl":"https://storage.googleapis.com/uploads-655785809576.us-central1.cloudfunctions.appspot.com/4de4a7d0-3791-4bdd-88d6-24c834c60b56.zip?GoogleAccessId=service-1075819267725@gcf-admin-robot.iam.gserviceaccount.com&Expires=1678565099&Signature=RDL9IhNlK9DcuSVnfVC3V00sfppMp%2B3ae5TKHr9G3RRzwu8VgxPWlzUnAwts0l8jZp0MAHigSWYqe7V6CAKooqJujkwsWDuJiibFb8NjfnOIoREkbiCrFlThnX4uBTUslQIK5fid3OUfjQNlWGZYBBSzMTnyLh6paILPKqK%2FsPQiVJ%2B4kqyNRx6A6ZDKgQ1czV9U9eL5XFTRnwoPHxyHWmgKQ0iQEAbZZw9F9UP5IfXuGzY2%2FmpjDRNk5u4UXl1R7uZ%2B5YqmXV2Y1HKUuvitu9f6ig3nfg0Pl%2BzIVP1oQB%2Bj1oSRN4u1opKxsWH4f5FWV87iY1KUX6CEiwloU5M7%2Fg%3D%3D","environmentVariables":{"FIREBASE_CONFIG":"{\"projectId\":\"lions-services-data-collection\",\"storageBucket\":\"lions-services-data-collection.appspot.com\"}","GCLOUD_PROJECT":"lions-services-data-collection","EVENTARC_CLOUD_EVENT_SOURCE":"projects/lions-services-data-collection/locations/us-central1/functions/app"},"runtime":"nodejs16","buildId":"ff8b6900-863d-4aee-af3c-b65105529308","buildName":"projects/1075819267725/locations/us-central1/builds/ff8b6900-863d-4aee-af3c-b65105529308","dockerRegistry":"ARTIFACT_REGISTRY"},"versionId":"10","updateTime":"2023-03-11T19:35:02Z","buildId":"02f62c97-c97d-43fa-a57b-6ae26d4dcdc1","buildName":"projects/1075819267725/locations/us-central1/builds/02f62c97-c97d-43fa-a57b-6ae26d4dcdc1"}}
[debug] [2023-03-11T19:35:12.677Z] [update-default-us-central1-app] Retrying task index 0
[debug] [2023-03-11T19:35:12.677Z] >>> [apiv2][query] GET https://cloudfunctions.googleapis.com/v1/operations/bGlvbnMtc2VydmljZXMtZGF0YS1jb2xsZWN0aW9uL3VzLWNlbnRyYWwxL2FwcC81cExSdFRlclBLbw [none]
[debug] [2023-03-11T19:35:12.865Z] <<< [apiv2][status] GET https://cloudfunctions.googleapis.com/v1/operations/bGlvbnMtc2VydmljZXMtZGF0YS1jb2xsZWN0aW9uL3VzLWNlbnRyYWwxL2FwcC81cExSdFRlclBLbw 200
[debug] [2023-03-11T19:35:12.865Z] <<< [apiv2][body] GET https://cloudfunctions.googleapis.com/v1/operations/bGlvbnMtc2VydmljZXMtZGF0YS1jb2xsZWN0aW9uL3VzLWNlbnRyYWwxL2FwcC81cExSdFRlclBLbw {"name":"operations/bGlvbnMtc2VydmljZXMtZGF0YS1jb2xsZWN0aW9uL3VzLWNlbnRyYWwxL2FwcC81cExSdFRlclBLbw","metadata":{"@type":"type.googleapis.com/google.cloud.functions.v1.OperationMetadataV1","target":"projects/lions-services-data-collection/locations/us-central1/functions/app","type":"UPDATE_FUNCTION","request":{"@type":"type.googleapis.com/google.cloud.functions.v1.CloudFunction","name":"projects/lions-services-data-collection/locations/us-central1/functions/app","httpsTrigger":{"url":"https://us-central1-lions-services-data-collection.cloudfunctions.net/app","securityLevel":"SECURE_ALWAYS"},"status":"ACTIVE","entryPoint":"app","updateTime":"2023-03-11T19:11:14.298Z","versionId":"9","labels":{"deployment-tool":"cli-firebase","firebase-functions-hash":"cca8cea420f0a157de48431465ae7860ba62b2e7"},"sourceUploadUrl":"https://storage.googleapis.com/uploads-655785809576.us-central1.cloudfunctions.appspot.com/4de4a7d0-3791-4bdd-88d6-24c834c60b56.zip?GoogleAccessId=service-1075819267725@gcf-admin-robot.iam.gserviceaccount.com&Expires=1678565099&Signature=RDL9IhNlK9DcuSVnfVC3V00sfppMp%2B3ae5TKHr9G3RRzwu8VgxPWlzUnAwts0l8jZp0MAHigSWYqe7V6CAKooqJujkwsWDuJiibFb8NjfnOIoREkbiCrFlThnX4uBTUslQIK5fid3OUfjQNlWGZYBBSzMTnyLh6paILPKqK%2FsPQiVJ%2B4kqyNRx6A6ZDKgQ1czV9U9eL5XFTRnwoPHxyHWmgKQ0iQEAbZZw9F9UP5IfXuGzY2%2FmpjDRNk5u4UXl1R7uZ%2B5YqmXV2Y1HKUuvitu9f6ig3nfg0Pl%2BzIVP1oQB%2Bj1oSRN4u1opKxsWH4f5FWV87iY1KUX6CEiwloU5M7%2Fg%3D%3D","environmentVariables":{"FIREBASE_CONFIG":"{\"projectId\":\"lions-services-data-collection\",\"storageBucket\":\"lions-services-data-collection.appspot.com\"}","GCLOUD_PROJECT":"lions-services-data-collection","EVENTARC_CLOUD_EVENT_SOURCE":"projects/lions-services-data-collection/locations/us-central1/functions/app"},"runtime":"nodejs16","buildId":"ff8b6900-863d-4aee-af3c-b65105529308","buildName":"projects/1075819267725/locations/us-central1/builds/ff8b6900-863d-4aee-af3c-b65105529308","dockerRegistry":"ARTIFACT_REGISTRY"},"versionId":"10","updateTime":"2023-03-11T19:35:02Z","buildId":"02f62c97-c97d-43fa-a57b-6ae26d4dcdc1","buildName":"projects/1075819267725/locations/us-central1/builds/02f62c97-c97d-43fa-a57b-6ae26d4dcdc1"}}
[debug] [2023-03-11T19:35:20.867Z] [update-default-us-central1-app] Retrying task index 0
[debug] [2023-03-11T19:35:20.870Z] >>> [apiv2][query] GET https://cloudfunctions.googleapis.com/v1/operations/bGlvbnMtc2VydmljZXMtZGF0YS1jb2xsZWN0aW9uL3VzLWNlbnRyYWwxL2FwcC81cExSdFRlclBLbw [none]
[debug] [2023-03-11T19:35:21.058Z] <<< [apiv2][status] GET https://cloudfunctions.googleapis.com/v1/operations/bGlvbnMtc2VydmljZXMtZGF0YS1jb2xsZWN0aW9uL3VzLWNlbnRyYWwxL2FwcC81cExSdFRlclBLbw 200
[debug] [2023-03-11T19:35:21.059Z] <<< [apiv2][body] GET https://cloudfunctions.googleapis.com/v1/operations/bGlvbnMtc2VydmljZXMtZGF0YS1jb2xsZWN0aW9uL3VzLWNlbnRyYWwxL2FwcC81cExSdFRlclBLbw {"name":"operations/bGlvbnMtc2VydmljZXMtZGF0YS1jb2xsZWN0aW9uL3VzLWNlbnRyYWwxL2FwcC81cExSdFRlclBLbw","metadata":{"@type":"type.googleapis.com/google.cloud.functions.v1.OperationMetadataV1","target":"projects/lions-services-data-collection/locations/us-central1/functions/app","type":"UPDATE_FUNCTION","request":{"@type":"type.googleapis.com/google.cloud.functions.v1.CloudFunction","name":"projects/lions-services-data-collection/locations/us-central1/functions/app","httpsTrigger":{"url":"https://us-central1-lions-services-data-collection.cloudfunctions.net/app","securityLevel":"SECURE_ALWAYS"},"status":"ACTIVE","entryPoint":"app","updateTime":"2023-03-11T19:11:14.298Z","versionId":"9","labels":{"deployment-tool":"cli-firebase","firebase-functions-hash":"cca8cea420f0a157de48431465ae7860ba62b2e7"},"sourceUploadUrl":"https://storage.googleapis.com/uploads-655785809576.us-central1.cloudfunctions.appspot.com/4de4a7d0-3791-4bdd-88d6-24c834c60b56.zip?GoogleAccessId=service-1075819267725@gcf-admin-robot.iam.gserviceaccount.com&Expires=1678565099&Signature=RDL9IhNlK9DcuSVnfVC3V00sfppMp%2B3ae5TKHr9G3RRzwu8VgxPWlzUnAwts0l8jZp0MAHigSWYqe7V6CAKooqJujkwsWDuJiibFb8NjfnOIoREkbiCrFlThnX4uBTUslQIK5fid3OUfjQNlWGZYBBSzMTnyLh6paILPKqK%2FsPQiVJ%2B4kqyNRx6A6ZDKgQ1czV9U9eL5XFTRnwoPHxyHWmgKQ0iQEAbZZw9F9UP5IfXuGzY2%2FmpjDRNk5u4UXl1R7uZ%2B5YqmXV2Y1HKUuvitu9f6ig3nfg0Pl%2BzIVP1oQB%2Bj1oSRN4u1opKxsWH4f5FWV87iY1KUX6CEiwloU5M7%2Fg%3D%3D","environmentVariables":{"FIREBASE_CONFIG":"{\"projectId\":\"lions-services-data-collection\",\"storageBucket\":\"lions-services-data-collection.appspot.com\"}","GCLOUD_PROJECT":"lions-services-data-collection","EVENTARC_CLOUD_EVENT_SOURCE":"projects/lions-services-data-collection/locations/us-central1/functions/app"},"runtime":"nodejs16","buildId":"ff8b6900-863d-4aee-af3c-b65105529308","buildName":"projects/1075819267725/locations/us-central1/builds/ff8b6900-863d-4aee-af3c-b65105529308","dockerRegistry":"ARTIFACT_REGISTRY"},"versionId":"10","updateTime":"2023-03-11T19:35:02Z","buildId":"02f62c97-c97d-43fa-a57b-6ae26d4dcdc1","buildName":"projects/1075819267725/locations/us-central1/builds/02f62c97-c97d-43fa-a57b-6ae26d4dcdc1"}}
